2017-10-14 23:08:15,315 INFO o.a.j.u.JMeterUtils: Setting Locale to en_US
2017-10-14 23:08:15,339 INFO o.a.j.JMeter: Loading user properties from: /Users/ashish/Downloads/apache-jmeter-3.3/bin/user.properties
2017-10-14 23:08:15,339 INFO o.a.j.JMeter: Loading system properties from: /Users/ashish/Downloads/apache-jmeter-3.3/bin/system.properties
2017-10-14 23:08:15,343 INFO o.a.j.JMeter: Copyright (c) 1998-2017 The Apache Software Foundation
2017-10-14 23:08:15,343 INFO o.a.j.JMeter: Version 3.3 r1808647
2017-10-14 23:08:15,344 INFO o.a.j.JMeter: java.version=1.8.0_144
2017-10-14 23:08:15,344 INFO o.a.j.JMeter: java.vm.name=Java HotSpot(TM) 64-Bit Server VM
2017-10-14 23:08:15,344 INFO o.a.j.JMeter: os.name=Mac OS X
2017-10-14 23:08:15,344 INFO o.a.j.JMeter: os.arch=x86_64
2017-10-14 23:08:15,344 INFO o.a.j.JMeter: os.version=10.13
2017-10-14 23:08:15,344 INFO o.a.j.JMeter: file.encoding=UTF-8
2017-10-14 23:08:15,344 INFO o.a.j.JMeter: Max memory     =536870912
2017-10-14 23:08:15,344 INFO o.a.j.JMeter: Available Processors =4
2017-10-14 23:08:15,347 INFO o.a.j.JMeter: Default Locale=English (United States)
2017-10-14 23:08:15,347 INFO o.a.j.JMeter: JMeter  Locale=English (United States)
2017-10-14 23:08:15,347 INFO o.a.j.JMeter: JMeterHome=/Users/ashish/Downloads/apache-jmeter-3.3
2017-10-14 23:08:15,347 INFO o.a.j.JMeter: user.dir  =/Users/ashish
2017-10-14 23:08:15,347 INFO o.a.j.JMeter: PWD       =/Users/ashish
2017-10-14 23:08:20,366 INFO o.a.j.JMeter: IP: 10.0.0.217 Name: Ashishs-MacBook-Pro.local FullName: 10.0.0.217
2017-10-14 23:08:21,684 INFO o.a.j.g.a.LookAndFeelCommand: Using look and feel: com.apple.laf.AquaLookAndFeel [Mac OS X, System]
2017-10-14 23:08:21,689 INFO o.a.j.JMeter: Loaded icon properties from org/apache/jmeter/images/icon.properties
2017-10-14 23:08:22,163 INFO o.a.j.e.u.CompoundVariable: Note: Function class names must contain the string: '.functions.'
2017-10-14 23:08:22,163 INFO o.a.j.e.u.CompoundVariable: Note: Function class names must not contain the string: '.gui.'
2017-10-14 23:08:23,781 INFO o.a.j.g.u.MenuFactory: Skipping org.apache.jmeter.assertions.BSFAssertion
2017-10-14 23:08:24,041 INFO o.a.j.g.u.MenuFactory: Skipping org.apache.jmeter.extractor.BSFPostProcessor
2017-10-14 23:08:24,064 INFO o.a.j.g.u.MenuFactory: Skipping org.apache.jmeter.modifiers.BSFPreProcessor
2017-10-14 23:08:24,090 INFO o.a.j.p.h.s.HTTPSamplerBase: Parser for text/html is org.apache.jmeter.protocol.http.parser.LagartoBasedHtmlParser
2017-10-14 23:08:24,090 INFO o.a.j.p.h.s.HTTPSamplerBase: Parser for application/xhtml+xml is org.apache.jmeter.protocol.http.parser.LagartoBasedHtmlParser
2017-10-14 23:08:24,090 INFO o.a.j.p.h.s.HTTPSamplerBase: Parser for application/xml is org.apache.jmeter.protocol.http.parser.LagartoBasedHtmlParser
2017-10-14 23:08:24,090 INFO o.a.j.p.h.s.HTTPSamplerBase: Parser for text/xml is org.apache.jmeter.protocol.http.parser.LagartoBasedHtmlParser
2017-10-14 23:08:24,090 INFO o.a.j.p.h.s.HTTPSamplerBase: Parser for text/vnd.wap.wml is org.apache.jmeter.protocol.http.parser.RegexpHTMLParser
2017-10-14 23:08:24,090 INFO o.a.j.p.h.s.HTTPSamplerBase: Parser for text/css is org.apache.jmeter.protocol.http.parser.CssParser
2017-10-14 23:08:24,386 INFO o.a.j.e.KeyToolUtils: keytool found at 'keytool'
2017-10-14 23:08:24,387 INFO o.a.j.p.h.p.ProxyControl: HTTP(S) Test Script Recorder SSL Proxy will use keys that support embedded 3rd party resources in file /Users/ashish/Downloads/apache-jmeter-3.3/bin/proxyserver.jks
2017-10-14 23:08:24,522 INFO o.a.j.g.u.MenuFactory: Skipping org.apache.jmeter.protocol.java.sampler.BSFSampler
2017-10-14 23:08:24,557 INFO o.a.j.s.FileServer: Default base='/Users/ashish'
2017-10-14 23:08:24,626 INFO o.a.j.g.u.MenuFactory: Skipping org.apache.jmeter.protocol.mongodb.config.MongoSourceElement
2017-10-14 23:08:24,626 INFO o.a.j.g.u.MenuFactory: Skipping org.apache.jmeter.protocol.mongodb.sampler.MongoScriptSampler
2017-10-14 23:08:24,727 INFO o.a.j.g.u.MenuFactory: Skipping org.apache.jmeter.timers.BSFTimer
2017-10-14 23:08:24,751 INFO o.a.j.g.u.MenuFactory: Skipping org.apache.jmeter.visualizers.BSFListener
2017-10-14 23:08:24,864 INFO o.a.j.s.SampleResult: Note: Sample TimeStamps are START times
2017-10-14 23:08:24,864 INFO o.a.j.s.SampleResult: sampleresult.default.encoding is set to ISO-8859-1
2017-10-14 23:08:24,864 INFO o.a.j.s.SampleResult: sampleresult.useNanoTime=true
2017-10-14 23:08:24,864 INFO o.a.j.s.SampleResult: sampleresult.nanoThreadSleep=5000
2017-10-14 23:08:33,607 INFO o.j.r.PluginManager: Plugins Status: [jpgc-functions=2.0, jpgc-plugins-manager=0.16, jmeter-core=3.3, jmeter-ftp=3.3, jmeter-http=3.3, jmeter-jdbc=3.3, jmeter-jms=3.3, jmeter-junit=3.3, jmeter-java=3.3, jmeter-ldap=3.3, jmeter-mail=3.3, jmeter-mongodb=3.3, jmeter-native=3.3, jmeter-tcp=3.3, jmeter-components=3.3]
2017-10-14 23:08:39,353 INFO o.a.j.g.a.Load: Loading file: /Users/ashish/Downloads/HTTP Request.jmx
2017-10-14 23:08:39,353 INFO o.a.j.s.FileServer: Set new base='/Users/ashish/Downloads'
2017-10-14 23:08:39,449 INFO o.a.j.s.SaveService: Testplan (JMX) version: 2.2. Testlog (JTL) version: 2.2
2017-10-14 23:08:39,451 INFO o.a.j.s.SaveService: Using SaveService properties file encoding UTF-8
2017-10-14 23:08:39,453 INFO o.a.j.s.SaveService: Using SaveService properties version 3.2
2017-10-14 23:08:39,456 INFO o.a.j.s.SaveService: Loading file: /Users/ashish/Downloads/HTTP Request.jmx
2017-10-14 23:08:39,619 INFO o.a.j.s.FileServer: Set new base='/Users/ashish/Downloads'
2017-10-14 23:08:44,943 INFO o.a.j.e.StandardJMeterEngine: Running the test!
2017-10-14 23:08:44,943 INFO o.a.j.s.SampleEvent: List of sample_variables: []
2017-10-14 23:08:44,943 INFO o.a.j.s.SampleEvent: List of sample_variables: []
2017-10-14 23:08:44,957 INFO o.a.j.g.u.JMeterMenuBar: setRunning(true, *local*)
2017-10-14 23:08:45,128 INFO o.a.j.e.StandardJMeterEngine: Starting ThreadGroup: 1 : Thread Group
2017-10-14 23:08:45,128 INFO o.a.j.e.StandardJMeterEngine: Starting 1 threads for group Thread Group.
2017-10-14 23:08:45,129 INFO o.a.j.e.StandardJMeterEngine: Thread will continue on error
2017-10-14 23:08:45,130 INFO o.a.j.t.ThreadGroup: Starting thread group... number=1 threads=1 ramp-up=1 perThread=1000.0 delayedStart=false
2017-10-14 23:08:45,134 INFO o.a.j.t.ThreadGroup: Started thread group number 1
2017-10-14 23:08:45,134 INFO o.a.j.e.StandardJMeterEngine: All thread groups have been started
2017-10-14 23:08:45,136 INFO o.a.j.t.JMeterThread: Thread started: Thread Group 1-1
2017-10-14 23:08:45,154 INFO o.a.j.p.h.s.HTTPHCAbstractImpl: Local host = Ashishs-MacBook-Pro.local
2017-10-14 23:08:45,160 INFO o.a.j.p.h.s.HTTPHC4Impl: HTTP request retry count = 0
2017-10-14 23:08:47,083 INFO o.a.j.t.JMeterThread: Thread is done: Thread Group 1-1
2017-10-14 23:08:47,086 INFO o.a.j.t.JMeterThread: Thread finished: Thread Group 1-1
2017-10-14 23:08:47,087 INFO o.a.j.e.StandardJMeterEngine: Notifying test listeners of end of test
2017-10-14 23:08:47,087 INFO o.a.j.g.u.JMeterMenuBar: setRunning(false, *local*)
2017-10-14 23:09:41,571 INFO o.a.j.e.StandardJMeterEngine: Running the test!
2017-10-14 23:09:41,572 INFO o.a.j.s.SampleEvent: List of sample_variables: []
2017-10-14 23:09:41,578 INFO o.a.j.g.u.JMeterMenuBar: setRunning(true, *local*)
2017-10-14 23:09:41,686 INFO o.a.j.e.StandardJMeterEngine: Starting ThreadGroup: 1 : Thread Group
2017-10-14 23:09:41,687 INFO o.a.j.e.StandardJMeterEngine: Starting 1 threads for group Thread Group.
2017-10-14 23:09:41,687 INFO o.a.j.e.StandardJMeterEngine: Thread will continue on error
2017-10-14 23:09:41,688 INFO o.a.j.t.ThreadGroup: Starting thread group... number=1 threads=1 ramp-up=1 perThread=1000.0 delayedStart=false
2017-10-14 23:09:41,688 INFO o.a.j.t.ThreadGroup: Started thread group number 1
2017-10-14 23:09:41,688 INFO o.a.j.e.StandardJMeterEngine: All thread groups have been started
2017-10-14 23:09:41,690 INFO o.a.j.t.JMeterThread: Thread started: Thread Group 1-1
2017-10-14 23:09:42,879 INFO o.a.j.t.JMeterThread: Thread is done: Thread Group 1-1
2017-10-14 23:09:42,879 INFO o.a.j.t.JMeterThread: Thread finished: Thread Group 1-1
2017-10-14 23:09:42,879 INFO o.a.j.e.StandardJMeterEngine: Notifying test listeners of end of test
2017-10-14 23:09:42,880 INFO o.a.j.g.u.JMeterMenuBar: setRunning(false, *local*)
2017-10-14 23:10:05,188 INFO o.a.j.e.StandardJMeterEngine: Running the test!
2017-10-14 23:10:05,189 INFO o.a.j.s.SampleEvent: List of sample_variables: []
2017-10-14 23:10:05,191 INFO o.a.j.g.u.JMeterMenuBar: setRunning(true, *local*)
2017-10-14 23:10:05,307 INFO o.a.j.e.StandardJMeterEngine: Starting ThreadGroup: 1 : Thread Group
2017-10-14 23:10:05,307 INFO o.a.j.e.StandardJMeterEngine: Starting 1 threads for group Thread Group.
2017-10-14 23:10:05,307 INFO o.a.j.e.StandardJMeterEngine: Thread will continue on error
2017-10-14 23:10:05,308 INFO o.a.j.t.ThreadGroup: Starting thread group... number=1 threads=1 ramp-up=1 perThread=1000.0 delayedStart=false
2017-10-14 23:10:05,310 INFO o.a.j.t.ThreadGroup: Started thread group number 1
2017-10-14 23:10:05,311 INFO o.a.j.e.StandardJMeterEngine: All thread groups have been started
2017-10-14 23:10:05,314 INFO o.a.j.t.JMeterThread: Thread started: Thread Group 1-1
2017-10-14 23:10:11,298 INFO o.a.j.t.JMeterThread: Thread is done: Thread Group 1-1
2017-10-14 23:10:11,298 INFO o.a.j.t.JMeterThread: Thread finished: Thread Group 1-1
2017-10-14 23:10:11,298 INFO o.a.j.e.StandardJMeterEngine: Notifying test listeners of end of test
2017-10-14 23:10:11,299 INFO o.a.j.g.u.JMeterMenuBar: setRunning(false, *local*)
2017-10-14 23:12:10,545 INFO o.a.j.g.a.Load: Loading file: /Users/ashish/Downloads/HTTP Request.jmx
2017-10-14 23:12:10,546 INFO o.a.j.s.FileServer: Set new base='/Users/ashish/Downloads'
2017-10-14 23:12:10,546 INFO o.a.j.s.SaveService: Loading file: /Users/ashish/Downloads/HTTP Request.jmx
2017-10-14 23:12:10,584 INFO o.a.j.s.FileServer: Set new base='/Users/ashish/Downloads'
2017-10-14 23:12:15,781 INFO o.a.j.e.StandardJMeterEngine: Running the test!
2017-10-14 23:12:15,785 INFO o.a.j.s.SampleEvent: List of sample_variables: []
2017-10-14 23:12:15,794 INFO o.a.j.g.u.JMeterMenuBar: setRunning(true, *local*)
2017-10-14 23:12:15,918 INFO o.a.j.e.StandardJMeterEngine: Starting ThreadGroup: 1 : Thread Group
2017-10-14 23:12:15,919 INFO o.a.j.e.StandardJMeterEngine: Starting 1 threads for group Thread Group.
2017-10-14 23:12:15,919 INFO o.a.j.e.StandardJMeterEngine: Thread will continue on error
2017-10-14 23:12:15,919 INFO o.a.j.t.ThreadGroup: Starting thread group... number=1 threads=1 ramp-up=1 perThread=1000.0 delayedStart=false
2017-10-14 23:12:15,921 INFO o.a.j.t.ThreadGroup: Started thread group number 1
2017-10-14 23:12:15,922 INFO o.a.j.e.StandardJMeterEngine: All thread groups have been started
2017-10-14 23:12:15,924 INFO o.a.j.t.JMeterThread: Thread started: Thread Group 1-1
2017-10-14 23:12:16,756 INFO o.a.j.t.JMeterThread: Thread is done: Thread Group 1-1
2017-10-14 23:12:16,756 INFO o.a.j.t.JMeterThread: Thread finished: Thread Group 1-1
2017-10-14 23:12:16,756 INFO o.a.j.e.StandardJMeterEngine: Notifying test listeners of end of test
2017-10-14 23:12:16,756 INFO o.a.j.g.u.JMeterMenuBar: setRunning(false, *local*)
2017-10-14 23:12:23,829 INFO o.a.j.e.StandardJMeterEngine: Running the test!
2017-10-14 23:12:23,830 INFO o.a.j.s.SampleEvent: List of sample_variables: []
2017-10-14 23:12:23,832 INFO o.a.j.g.u.JMeterMenuBar: setRunning(true, *local*)
2017-10-14 23:12:23,930 INFO o.a.j.e.StandardJMeterEngine: Starting ThreadGroup: 1 : Thread Group
2017-10-14 23:12:23,931 INFO o.a.j.e.StandardJMeterEngine: Starting 1 threads for group Thread Group.
2017-10-14 23:12:23,931 INFO o.a.j.e.StandardJMeterEngine: Thread will continue on error
2017-10-14 23:12:23,932 INFO o.a.j.t.ThreadGroup: Starting thread group... number=1 threads=1 ramp-up=1 perThread=1000.0 delayedStart=false
2017-10-14 23:12:23,934 INFO o.a.j.t.ThreadGroup: Started thread group number 1
2017-10-14 23:12:23,934 INFO o.a.j.e.StandardJMeterEngine: All thread groups have been started
2017-10-14 23:12:23,940 INFO o.a.j.t.JMeterThread: Thread started: Thread Group 1-1
2017-10-14 23:12:24,750 INFO o.a.j.t.JMeterThread: Thread is done: Thread Group 1-1
2017-10-14 23:12:24,750 INFO o.a.j.t.JMeterThread: Thread finished: Thread Group 1-1
2017-10-14 23:12:24,750 INFO o.a.j.e.StandardJMeterEngine: Notifying test listeners of end of test
2017-10-14 23:12:24,751 INFO o.a.j.g.u.JMeterMenuBar: setRunning(false, *local*)
2017-10-14 23:12:28,228 INFO o.a.j.e.StandardJMeterEngine: Running the test!
2017-10-14 23:12:28,228 INFO o.a.j.s.SampleEvent: List of sample_variables: []
2017-10-14 23:12:28,235 INFO o.a.j.g.u.JMeterMenuBar: setRunning(true, *local*)
2017-10-14 23:12:28,346 INFO o.a.j.e.StandardJMeterEngine: Starting ThreadGroup: 1 : Thread Group
2017-10-14 23:12:28,346 INFO o.a.j.e.StandardJMeterEngine: Starting 1 threads for group Thread Group.
2017-10-14 23:12:28,346 INFO o.a.j.e.StandardJMeterEngine: Thread will continue on error
2017-10-14 23:12:28,346 INFO o.a.j.t.ThreadGroup: Starting thread group... number=1 threads=1 ramp-up=1 perThread=1000.0 delayedStart=false
2017-10-14 23:12:28,349 INFO o.a.j.t.ThreadGroup: Started thread group number 1
2017-10-14 23:12:28,351 INFO o.a.j.e.StandardJMeterEngine: All thread groups have been started
2017-10-14 23:12:28,351 INFO o.a.j.t.JMeterThread: Thread started: Thread Group 1-1
2017-10-14 23:12:29,120 INFO o.a.j.t.JMeterThread: Thread is done: Thread Group 1-1
2017-10-14 23:12:29,120 INFO o.a.j.t.JMeterThread: Thread finished: Thread Group 1-1
2017-10-14 23:12:29,120 INFO o.a.j.e.StandardJMeterEngine: Notifying test listeners of end of test
2017-10-14 23:12:29,120 INFO o.a.j.g.u.JMeterMenuBar: setRunning(false, *local*)
2017-10-14 23:13:28,265 INFO o.a.j.e.StandardJMeterEngine: Running the test!
2017-10-14 23:13:28,266 INFO o.a.j.s.SampleEvent: List of sample_variables: []
2017-10-14 23:13:28,269 INFO o.a.j.g.u.JMeterMenuBar: setRunning(true, *local*)
2017-10-14 23:13:28,369 INFO o.a.j.e.StandardJMeterEngine: Starting ThreadGroup: 1 : Thread Group
2017-10-14 23:13:28,370 INFO o.a.j.e.StandardJMeterEngine: Starting 1 threads for group Thread Group.
2017-10-14 23:13:28,370 INFO o.a.j.e.StandardJMeterEngine: Thread will continue on error
2017-10-14 23:13:28,371 INFO o.a.j.t.ThreadGroup: Starting thread group... number=1 threads=1 ramp-up=1 perThread=1000.0 delayedStart=false
2017-10-14 23:13:28,373 INFO o.a.j.t.ThreadGroup: Started thread group number 1
2017-10-14 23:13:28,373 INFO o.a.j.e.StandardJMeterEngine: All thread groups have been started
2017-10-14 23:13:28,373 INFO o.a.j.t.JMeterThread: Thread started: Thread Group 1-1
2017-10-14 23:13:29,146 INFO o.a.j.t.JMeterThread: Thread is done: Thread Group 1-1
2017-10-14 23:13:29,146 INFO o.a.j.t.JMeterThread: Thread finished: Thread Group 1-1
2017-10-14 23:13:29,147 INFO o.a.j.e.StandardJMeterEngine: Notifying test listeners of end of test
2017-10-14 23:13:29,147 INFO o.a.j.g.u.JMeterMenuBar: setRunning(false, *local*)
2017-10-14 23:13:41,604 INFO o.a.j.e.StandardJMeterEngine: Running the test!
2017-10-14 23:13:41,604 INFO o.a.j.s.SampleEvent: List of sample_variables: []
2017-10-14 23:13:41,607 INFO o.a.j.g.u.JMeterMenuBar: setRunning(true, *local*)
2017-10-14 23:13:41,729 INFO o.a.j.e.StandardJMeterEngine: Starting ThreadGroup: 1 : Thread Group
2017-10-14 23:13:41,729 INFO o.a.j.e.StandardJMeterEngine: Starting 1 threads for group Thread Group.
2017-10-14 23:13:41,729 INFO o.a.j.e.StandardJMeterEngine: Thread will continue on error
2017-10-14 23:13:41,730 INFO o.a.j.t.ThreadGroup: Starting thread group... number=1 threads=1 ramp-up=1 perThread=1000.0 delayedStart=false
2017-10-14 23:13:41,731 INFO o.a.j.t.ThreadGroup: Started thread group number 1
2017-10-14 23:13:41,731 INFO o.a.j.e.StandardJMeterEngine: All thread groups have been started
2017-10-14 23:13:41,731 INFO o.a.j.t.JMeterThread: Thread started: Thread Group 1-1
2017-10-14 23:13:45,883 INFO o.a.j.t.JMeterThread: Thread is done: Thread Group 1-1
2017-10-14 23:13:45,885 INFO o.a.j.t.JMeterThread: Thread finished: Thread Group 1-1
2017-10-14 23:13:45,885 INFO o.a.j.e.StandardJMeterEngine: Notifying test listeners of end of test
2017-10-14 23:13:45,885 INFO o.a.j.g.u.JMeterMenuBar: setRunning(false, *local*)
2017-10-14 23:13:52,537 INFO o.a.j.e.StandardJMeterEngine: Running the test!
2017-10-14 23:13:52,538 INFO o.a.j.s.SampleEvent: List of sample_variables: []
2017-10-14 23:13:52,538 INFO o.a.j.g.u.JMeterMenuBar: setRunning(true, *local*)
2017-10-14 23:13:52,653 INFO o.a.j.e.StandardJMeterEngine: Starting ThreadGroup: 1 : Thread Group
2017-10-14 23:13:52,653 INFO o.a.j.e.StandardJMeterEngine: Starting 1 threads for group Thread Group.
2017-10-14 23:13:52,653 INFO o.a.j.e.StandardJMeterEngine: Thread will continue on error
2017-10-14 23:13:52,653 INFO o.a.j.t.ThreadGroup: Starting thread group... number=1 threads=1 ramp-up=1 perThread=1000.0 delayedStart=false
2017-10-14 23:13:52,654 INFO o.a.j.t.ThreadGroup: Started thread group number 1
2017-10-14 23:13:52,654 INFO o.a.j.e.StandardJMeterEngine: All thread groups have been started
2017-10-14 23:13:52,654 INFO o.a.j.t.JMeterThread: Thread started: Thread Group 1-1
2017-10-14 23:13:55,988 INFO o.a.j.t.JMeterThread: Thread is done: Thread Group 1-1
2017-10-14 23:13:55,988 INFO o.a.j.t.JMeterThread: Thread finished: Thread Group 1-1
2017-10-14 23:13:55,988 INFO o.a.j.e.StandardJMeterEngine: Notifying test listeners of end of test
2017-10-14 23:13:55,988 INFO o.a.j.g.u.JMeterMenuBar: setRunning(false, *local*)
2017-10-14 23:14:01,509 INFO o.a.j.e.StandardJMeterEngine: Running the test!
2017-10-14 23:14:01,509 INFO o.a.j.s.SampleEvent: List of sample_variables: []
2017-10-14 23:14:01,510 INFO o.a.j.g.u.JMeterMenuBar: setRunning(true, *local*)
2017-10-14 23:14:01,640 INFO o.a.j.e.StandardJMeterEngine: Starting ThreadGroup: 1 : Thread Group
2017-10-14 23:14:01,640 INFO o.a.j.e.StandardJMeterEngine: Starting 1 threads for group Thread Group.
2017-10-14 23:14:01,641 INFO o.a.j.e.StandardJMeterEngine: Thread will continue on error
2017-10-14 23:14:01,642 INFO o.a.j.t.ThreadGroup: Starting thread group... number=1 threads=1 ramp-up=1 perThread=1000.0 delayedStart=false
2017-10-14 23:14:01,643 INFO o.a.j.t.ThreadGroup: Started thread group number 1
2017-10-14 23:14:01,643 INFO o.a.j.e.StandardJMeterEngine: All thread groups have been started
2017-10-14 23:14:01,643 INFO o.a.j.t.JMeterThread: Thread started: Thread Group 1-1
2017-10-14 23:14:05,448 INFO o.a.j.t.JMeterThread: Thread is done: Thread Group 1-1
2017-10-14 23:14:05,448 INFO o.a.j.t.JMeterThread: Thread finished: Thread Group 1-1
2017-10-14 23:14:05,448 INFO o.a.j.e.StandardJMeterEngine: Notifying test listeners of end of test
2017-10-14 23:14:05,449 INFO o.a.j.g.u.JMeterMenuBar: setRunning(false, *local*)
2017-10-14 23:14:10,468 INFO o.a.j.e.StandardJMeterEngine: Running the test!
2017-10-14 23:14:10,469 INFO o.a.j.s.SampleEvent: List of sample_variables: []
2017-10-14 23:14:10,470 INFO o.a.j.g.u.JMeterMenuBar: setRunning(true, *local*)
2017-10-14 23:14:10,603 INFO o.a.j.e.StandardJMeterEngine: Starting ThreadGroup: 1 : Thread Group
2017-10-14 23:14:10,603 INFO o.a.j.e.StandardJMeterEngine: Starting 1 threads for group Thread Group.
2017-10-14 23:14:10,605 INFO o.a.j.e.StandardJMeterEngine: Thread will continue on error
2017-10-14 23:14:10,606 INFO o.a.j.t.ThreadGroup: Starting thread group... number=1 threads=1 ramp-up=1 perThread=1000.0 delayedStart=false
2017-10-14 23:14:10,608 INFO o.a.j.t.ThreadGroup: Started thread group number 1
2017-10-14 23:14:10,608 INFO o.a.j.e.StandardJMeterEngine: All thread groups have been started
2017-10-14 23:14:10,609 INFO o.a.j.t.JMeterThread: Thread started: Thread Group 1-1
2017-10-14 23:14:14,623 INFO o.a.j.t.JMeterThread: Thread is done: Thread Group 1-1
2017-10-14 23:14:14,623 INFO o.a.j.t.JMeterThread: Thread finished: Thread Group 1-1
2017-10-14 23:14:14,623 INFO o.a.j.e.StandardJMeterEngine: Notifying test listeners of end of test
2017-10-14 23:14:14,623 INFO o.a.j.g.u.JMeterMenuBar: setRunning(false, *local*)
